Started GET "/" for 127.0.0.1 at 2018-05-10 20:03:55 +0200
Processing by CreativesController#index as HTML
  Rendering creatives/index.html.erb within layouts/creative
  Rendered creatives/_navbar.html.erb (1.2ms)
  Rendered creatives/_header.html.erb (1.3ms)
  Rendered creatives/_bg_primary.html.erb (1.5ms)
  Rendered creatives/_services.html.erb (1.1ms)
Started GET "/" for 127.0.0.1 at 2018-05-10 20:03:59 +0200
Processing by CreativesController#index as HTML
  Rendering creatives/index.html.erb within layouts/creative
  Rendered creatives/_navbar.html.erb (3.4ms)
  Rendered creatives/_header.html.erb (1.4ms)
  Rendered creatives/_bg_primary.html.erb (1.0ms)
  Rendered creatives/_services.html.erb (2.6ms)
  Rendered creatives/_portfolio.html.erb (21016.2ms)
  Rendered creatives/_call_to_action.html.erb (1.0ms)
  Rendered creatives/_contact.html.erb (4.8ms)
  Rendered creatives/index.html.erb within layouts/creative (21059.1ms)
Completed 200 OK in 21436ms (Views: 21418.9ms | ActiveRecord: 0.0ms)


  Rendered creatives/_portfolio.html.erb (18641.8ms)
  Rendered creatives/_call_to_action.html.erb (1.0ms)
  Rendered creatives/_contact.html.erb (1.5ms)
  Rendered creatives/index.html.erb within layouts/creative (18673.9ms)
Completed 200 OK in 18785ms (Views: 18779.0ms | ActiveRecord: 0.0ms)


Started GET "/" for 127.0.0.1 at 2018-05-10 20:15:40 +0200
Processing by CreativesController#index as HTML
  Rendering creatives/index.html.erb within layouts/creative
  Rendered creatives/_navbar.html.erb (1.2ms)
  Rendered creatives/_header.html.erb (1.0ms)
  Rendered creatives/_bg_primary.html.erb (1.7ms)
  Rendered creatives/_services.html.erb (1.0ms)
  Rendered creatives/_portfolio.html.erb (35.2ms)
  Rendered creatives/_call_to_action.html.erb (1.2ms)
  Rendered creatives/_contact.html.erb (1.6ms)
  Rendered creatives/index.html.erb within layouts/creative (66.6ms)
Completed 200 OK in 173ms (Views: 170.4ms | ActiveRecord: 0.0ms)


Started GET "/" for 127.0.0.1 at 2018-05-10 20:17:10 +0200
Processing by CreativesController#index as HTML
  Rendering creatives/index.html.erb within layouts/creative
  Rendered creatives/_navbar.html.erb (0.9ms)
  Rendered creatives/_header.html.erb (1.0ms)
  Rendered creatives/_bg_primary.html.erb (1.1ms)
  Rendered creatives/_services.html.erb (1.9ms)
  Rendered creatives/_portfolio.html.erb (25.1ms)
  Rendered creatives/_call_to_action.html.erb (0.8ms)
  Rendered creatives/_contact.html.erb (1.4ms)
  Rendered creatives/index.html.erb within layouts/creative (52.0ms)
Completed 200 OK in 158ms (Views: 154.6ms | ActiveRecord: 0.0ms)


Started GET "/" for 127.0.0.1 at 2018-05-10 20:23:05 +0200
Processing by CreativesController#index as HTML
  Rendering creatives/index.html.erb within layouts/creative
  Rendered creatives/_navbar.html.erb (1.0ms)
  Rendered creatives/_header.html.erb (1.0ms)
  Rendered creatives/_bg_primary.html.erb (1.1ms)
  Rendered creatives/_services.html.erb (1.3ms)
  Rendered creatives/_portfolio.html.erb (2.2ms)
  Rendered creatives/_call_to_action.html.erb (1.1ms)
  Rendered creatives/_contact.html.erb (1.4ms)
  Rendered creatives/index.html.erb within layouts/creative (29.9ms)
Completed 200 OK in 144ms (Views: 141.1ms | ActiveRecord: 0.0ms)


Started GET "/" for 127.0.0.1 at 2018-05-10 20:32:12 +0200
Processing by CreativesController#index as HTML
  Rendering creatives/index.html.erb within layouts/creative
  Rendered creatives/_navbar.html.erb (3.7ms)
  Rendered creatives/_header.html.erb (1.3ms)
  Rendered creatives/_bg_primary.html.erb (0.9ms)
  Rendered creatives/_services.html.erb (1.1ms)
  Rendered creatives/_portfolio.html.erb (2.1ms)
  Rendered creatives/_call_to_action.html.erb (1.2ms)
  Rendered creatives/_contact.html.erb (1.0ms)
  Rendered creatives/index.html.erb within layouts/creative (30.5ms)
Completed 200 OK in 132ms (Views: 128.5ms | ActiveRecord: 0.0ms)


Started GET "/" for 127.0.0.1 at 2018-05-10 20:40:47 +0200
Processing by CreativesController#index as HTML
  Rendering creatives/index.html.erb within layouts/creative
  Rendered creatives/_navbar.html.erb (0.9ms)
  Rendered creatives/_header.html.erb (1.0ms)
  Rendered creatives/_bg_primary.html.erb (1.2ms)
  Rendered creatives/_services.html.erb (2.4ms)
  Rendered creatives/_portfolio.html.erb (2.4ms)
  Rendered creatives/_call_to_action.html.erb (1.0ms)
  Rendered creatives/_contact.html.erb (0.9ms)
  Rendered creatives/index.html.erb within layouts/creative (27.0ms)
Completed 200 OK in 154ms (Views: 151.3ms | ActiveRecord: 0.0ms)


Started GET "/" for 127.0.0.1 at 2018-05-10 20:43:51 +0200
Processing by CreativesController#index as HTML
  Rendering creatives/index.html.erb within layouts/creative
  Rendered creatives/_navbar.html.erb (1.1ms)
  Rendered creatives/_header.html.erb (1.3ms)
  Rendered creatives/_bg_primary.html.erb (1.8ms)
  Rendered creatives/_services.html.erb (1.1ms)
  Rendered creatives/_portfolio.html.erb (1.3ms)
  Rendered creatives/_call_to_action.html.erb (0.9ms)
  Rendered creatives/_contact.html.erb (0.9ms)
  Rendered creatives/index.html.erb within layouts/creative (26.6ms)
Completed 200 OK in 131ms (Views: 128.3ms | ActiveRecord: 0.0ms)


Started GET "/" for 127.0.0.1 at 2018-05-10 20:44:33 +0200
Processing by CreativesController#index as HTML
  Rendering creatives/index.html.erb within layouts/creative
  Rendered creatives/_navbar.html.erb (1.0ms)
  Rendered creatives/_header.html.erb (1.0ms)
  Rendered creatives/_bg_primary.html.erb (1.7ms)
  Rendered creatives/_services.html.erb (1.2ms)
  Rendered creatives/_portfolio.html.erb (0.8ms)
  Rendered creatives/_call_to_action.html.erb (0.8ms)
  Rendered creatives/_contact.html.erb (0.9ms)
  Rendered creatives/index.html.erb within layouts/creative (22.9ms)
Completed 200 OK in 138ms (Views: 132.8ms | ActiveRecord: 0.0ms)


Started GET "/" for 127.0.0.1 at 2018-05-10 20:49:02 +0200
Processing by CreativesController#index as HTML
  Rendering creatives/index.html.erb within layouts/creative
  Rendered creatives/_navbar.html.erb (4552.5ms)
  Rendered creatives/_header.html.erb (0.8ms)
  Rendered creatives/_bg_primary.html.erb (1.2ms)
  Rendered creatives/_services.html.erb (0.8ms)
  Rendered creatives/_portfolio.html.erb (1.0ms)
  Rendered creatives/_call_to_action.html.erb (1.3ms)
  Rendered creatives/_contact.html.erb (1.4ms)
  Rendered creatives/index.html.erb within layouts/creative (4581.3ms)
Completed 200 OK in 4926ms (Views: 4921.6ms | ActiveRecord: 0.0ms)


Started GET "/" for 127.0.0.1 at 2018-05-10 20:51:05 +0200
Processing by CreativesController#index as HTML
  Rendering creatives/index.html.erb within layouts/creative
  Rendered creatives/_navbar.html.erb (4474.2ms)
  Rendered creatives/_header.html.erb (0.9ms)
  Rendered creatives/_bg_primary.html.erb (0.9ms)
  Rendered creatives/_services.html.erb (1.2ms)
  Rendered creatives/_portfolio.html.erb (0.9ms)
  Rendered creatives/_call_to_action.html.erb (1.1ms)
  Rendered creatives/_contact.html.erb (1.2ms)
  Rendered creatives/index.html.erb within layouts/creative (4503.0ms)
Completed 200 OK in 4853ms (Views: 4849.2ms | ActiveRecord: 0.0ms)


Started GET "/" for 127.0.0.1 at 2018-05-10 20:51:34 +0200
Processing by CreativesController#index as HTML
  Rendering creatives/index.html.erb within layouts/creative
  Rendered creatives/_navbar.html.erb (11.1ms)
  Rendered creatives/_header.html.erb (1.7ms)
  Rendered creatives/_bg_primary.html.erb (2.6ms)
  Rendered creatives/_services.html.erb (1.6ms)
  Rendered creatives/_portfolio.html.erb (1.5ms)
  Rendered creatives/_call_to_action.html.erb (1.0ms)
  Rendered creatives/_contact.html.erb (1.5ms)
  Rendered creatives/index.html.erb within layouts/creative (45.2ms)
Completed 200 OK in 238ms (Views: 234.0ms | ActiveRecord: 0.0ms)


Started GET "/" for 127.0.0.1 at 2018-05-10 20:51:40 +0200
Processing by CreativesController#index as HTML
  Rendering creatives/index.html.erb within layouts/creative
  Rendered creatives/_navbar.html.erb (5.3ms)
  Rendered creatives/_header.html.erb (1.7ms)
  Rendered creatives/_bg_primary.html.erb (1.2ms)
  Rendered creatives/_services.html.erb (0.9ms)
  Rendered creatives/_portfolio.html.erb (1.6ms)
  Rendered creatives/_call_to_action.html.erb (0.8ms)
  Rendered creatives/_contact.html.erb (1.5ms)
  Rendered creatives/index.html.erb within layouts/creative (31.7ms)
Completed 200 OK in 167ms (Views: 162.6ms | ActiveRecord: 0.0ms)


Started GET "/" for 127.0.0.1 at 2018-05-10 20:52:11 +0200
Processing by CreativesController#index as HTML
  Rendering creatives/index.html.erb within layouts/creative
  Rendered creatives/_navbar.html.erb (1.1ms)
  Rendered creatives/_header.html.erb (1.4ms)
  Rendered creatives/_bg_primary.html.erb (1.4ms)
  Rendered creatives/_services.html.erb (1.6ms)
  Rendered creatives/_portfolio.html.erb (0.8ms)
  Rendered creatives/_call_to_action.html.erb (1.2ms)
  Rendered creatives/_contact.html.erb (1.5ms)
  Rendered creatives/index.html.erb within layouts/creative (29.6ms)
Completed 200 OK in 173ms (Views: 164.6ms | ActiveRecord: 0.0ms)


Started GET "/" for 127.0.0.1 at 2018-05-10 20:53:20 +0200
Processing by CreativesController#index as HTML
  Rendering creatives/index.html.erb within layouts/creative
  Rendered creatives/_navbar.html.erb (1.8ms)
  Rendered creatives/_header.html.erb (1.0ms)
  Rendered creatives/_bg_primary.html.erb (2.3ms)
  Rendered creatives/_services.html.erb (1.0ms)
  Rendered creatives/_portfolio.html.erb (0.9ms)
  Rendered creatives/_call_to_action.html.erb (1.2ms)
  Rendered creatives/_contact.html.erb (3.2ms)
  Rendered creatives/index.html.erb within layouts/creative (31.6ms)
Completed 200 OK in 187ms (Views: 183.6ms | ActiveRecord: 0.0ms)


Started GET "/" for 127.0.0.1 at 2018-05-10 20:58:21 +0200
Processing by CreativesController#index as HTML
  Rendering creatives/index.html.erb within layouts/creative
  Rendered creatives/_navbar.html.erb (0.9ms)
  Rendered creatives/_header.html.erb (1.0ms)
  Rendered creatives/_bg_primary.html.erb (2.9ms)
  Rendered creatives/_services.html.erb (3.2ms)
  Rendered creatives/_portfolio.html.erb (2.0ms)
  Rendered creatives/_call_to_action.html.erb (0.9ms)
  Rendered creatives/_contact.html.erb (0.9ms)
  Rendered creatives/index.html.erb within layouts/creative (31.1ms)
Completed 200 OK in 191ms (Views: 187.6ms | ActiveRecord: 0.0ms)


Started GET "/" for 127.0.0.1 at 2018-05-10 21:21:30 +0200
Processing by CreativesController#index as HTML
  Rendering creatives/index.html.erb within layouts/creative
  Rendered creatives/_navbar.html.erb (1.0ms)
  Rendered creatives/_header.html.erb (1.1ms)
  Rendered creatives/_bg_primary.html.erb (1.8ms)
  Rendered creatives/_services.html.erb (2.0ms)
  Rendered creatives/_portfolio.html.erb (1.1ms)
  Rendered creatives/_call_to_action.html.erb (1.3ms)
  Rendered creatives/_contact.html.erb (1.1ms)
  Rendered creatives/index.html.erb within layouts/creative (26.4ms)
Completed 200 OK in 153ms (Views: 150.2ms | ActiveRecord: 0.0ms)


Started GET "/" for 127.0.0.1 at 2018-05-10 21:32:27 +0200
Processing by CreativesController#index as HTML
  Rendering creatives/index.html.erb within layouts/creative
  Rendered creatives/_navbar.html.erb (0.9ms)
  Rendered creatives/_header.html.erb (0.9ms)
  Rendered creatives/_bg_primary.html.erb (1.1ms)
  Rendered creatives/_services.html.erb (1.3ms)
  Rendered creatives/_portfolio.html.erb (1.2ms)
  Rendered creatives/_call_to_action.html.erb (1.0ms)
  Rendered creatives/_contact.html.erb (1.1ms)
  Rendered creatives/index.html.erb within layouts/creative (23.1ms)
Completed 200 OK in 109ms (Views: 106.2ms | ActiveRecord: 0.0ms)


Started GET "/" for 127.0.0.1 at 2018-05-10 21:57:42 +0200
Processing by CreativesController#index as HTML
  Rendering creatives/index.html.erb within layouts/creative
  Rendered creatives/_navbar.html.erb (0.9ms)
  Rendered creatives/_header.html.erb (0.8ms)
  Rendered creatives/_bg_primary.html.erb (0.9ms)
  Rendered creatives/_services.html.erb (0.7ms)
  Rendered creatives/_portfolio.html.erb (0.9ms)
  Rendered creatives/_call_to_action.html.erb (0.9ms)
  Rendered creatives/_contact.html.erb (1.0ms)
  Rendered creatives/index.html.erb within layouts/creative (21.3ms)
Completed 200 OK in 1242ms (Views: 1222.1ms | ActiveRecord: 0.0ms)


Started GET "/.call-to-action" for 127.0.0.1 at 2018-05-10 21:57:54 +0200
  
ActionController::RoutingError (No route matches [GET] "/.call-to-action"):
  
actionpack (5.2.0) lib/action_dispatch/middleware/debug_exceptions.rb:65:in `call'
web-console (3.6.2) lib/web_console/middleware.rb:135:in `call_app'
web-console (3.6.2) lib/web_console/middleware.rb:30:in `block in call'
web-console (3.6.2) lib/web_console/middleware.rb:20:in `catch'
web-console (3.6.2) lib/web_console/middleware.rb:20:in `call'
actionpack (5.2.0) lib/action_dispatch/middleware/show_exceptions.rb:33:in `call'
railties (5.2.0) lib/rails/rack/logger.rb:38:in `call_app'
railties (5.2.0) lib/rails/rack/logger.rb:26:in `block in call'
activesupport (5.2.0) lib/active_support/tagged_logging.rb:71:in `block in tagged'
activesupport (5.2.0) lib/active_support/tagged_logging.rb:28:in `tagged'
activesupport (5.2.0) lib/active_support/tagged_logging.rb:71:in `tagged'
railties (5.2.0) lib/rails/rack/logger.rb:26:in `call'
sprockets-rails (3.2.1) lib/sprockets/rails/quiet_assets.rb:13:in `call'
actionpack (5.2.0) lib/action_dispatch/middleware/remote_ip.rb:81:in `call'
actionpack (5.2.0) lib/action_dispatch/middleware/request_id.rb:27:in `call'
rack (2.0.5) lib/rack/method_override.rb:22:in `call'
rack (2.0.5) lib/rack/runtime.rb:22:in `call'
activesupport (5.2.0) lib/active_support/cache/strategy/local_cache_middleware.rb:29:in `call'
actionpack (5.2.0) lib/action_dispatch/middleware/executor.rb:14:in `call'
actionpack (5.2.0) lib/action_dispatch/middleware/static.rb:127:in `call'
rack (2.0.5) lib/rack/sendfile.rb:111:in `call'
railties (5.2.0) lib/rails/engine.rb:524:in `call'
puma (3.11.4) lib/puma/configuration.rb:225:in `call'
puma (3.11.4) lib/puma/server.rb:632:in `handle_request'
puma (3.11.4) lib/puma/server.rb:446:in `process_client'
puma (3.11.4) lib/puma/server.rb:306:in `block in run'
puma (3.11.4) lib/puma/thread_pool.rb:120:in `block in spawn_thread'
Started GET "/" for 127.0.0.1 at 2018-05-10 21:58:40 +0200
Processing by CreativesController#index as HTML
  Rendering creatives/index.html.erb within layouts/creative
  Rendered creatives/_navbar.html.erb (1.9ms)
  Rendered creatives/_header.html.erb (1.2ms)
  Rendered creatives/_bg_primary.html.erb (1.9ms)
  Rendered creatives/_services.html.erb (1.5ms)
  Rendered creatives/_portfolio.html.erb (0.9ms)
  Rendered creatives/_call_to_action.html.erb (2.6ms)
  Rendered creatives/_contact.html.erb (1.6ms)
  Rendered creatives/index.html.erb within layouts/creative (32.5ms)
Completed 200 OK in 200ms (Views: 196.7ms | ActiveRecord: 0.0ms)


